<?xml version="1.0" encoding="UTF-8"?>
<!-- Generated by org.testng.reporters.JUnitReportReporter -->
<testsuite hostname="DESKTOP-F1N00KU" failures="0" tests="1" name="Demoproject.homeTest" time="10.259" errors="0" timestamp="2022-05-17T11:31:17 IST" skipped="0">
  <testcase classname="Demoproject.homeTest" name="home_data" time="10.259"/>
  <system-out/>
</testsuite> <!-- Demoproject.homeTest -->
