<?xml version="1.0" encoding="UTF-8"?>
<!-- Generated by org.testng.reporters.JUnitReportReporter -->
<testsuite skipped="0" hostname="DESKTOP-F1N00KU" name="Demoproject.homeTest" tests="1" failures="0" timestamp="2022-06-08T09:19:39 IST" time="51.165" errors="0">
  <testcase name="home_data" time="51.165" classname="Demoproject.homeTest"/>
  <system-out/>
</testsuite> <!-- Demoproject.homeTest -->
